INFO:root:Uploading countries to S3 bucket
INFO:root:18:21:33 - Uploaded countries.json
INFO:root:18:21:33 - Deleted countries.json
INFO:root:18:21:33 - Uploaded AFG.json
INFO:root:18:21:33 - Deleted AFG.json
INFO:root:18:21:34 - Uploaded ALB.json
INFO:root:18:21:34 - Deleted ALB.json
INFO:root:18:21:35 - Uploaded DZA.json
INFO:root:18:21:35 - Deleted DZA.json
INFO:root:18:21:36 - Uploaded AND.json
INFO:root:18:21:36 - Deleted AND.json
INFO:root:18:21:36 - Uploaded AGO.json
INFO:root:18:21:36 - Deleted AGO.json
INFO:root:18:21:37 - Uploaded AIA.json
INFO:root:18:21:37 - Deleted AIA.json
INFO:root:18:21:38 - Uploaded ATG.json
INFO:root:18:21:38 - Deleted ATG.json
INFO:root:18:21:39 - Uploaded ARG.json
INFO:root:18:21:39 - Deleted ARG.json
INFO:root:18:21:40 - Uploaded ARM.json
INFO:root:18:21:40 - Deleted ARM.json
INFO:root:18:21:40 - Uploaded ABW.json
INFO:root:18:21:40 - Deleted ABW.json
INFO:root:18:21:41 - Uploaded AUS.json
INFO:root:18:21:41 - Deleted AUS.json
INFO:root:18:21:42 - Uploaded AUT.json
INFO:root:18:21:42 - Deleted AUT.json
INFO:root:18:21:43 - Uploaded AZE.json
INFO:root:18:21:43 - Deleted AZE.json
INFO:root:18:21:44 - Uploaded BHS.json
INFO:root:18:21:44 - Deleted BHS.json
INFO:root:18:21:44 - Uploaded BHR.json
INFO:root:18:21:44 - Deleted BHR.json
INFO:root:18:21:45 - Uploaded BGD.json
INFO:root:18:21:45 - Deleted BGD.json
INFO:root:18:21:46 - Uploaded BRB.json
INFO:root:18:21:46 - Deleted BRB.json
INFO:root:18:21:47 - Uploaded BLR.json
INFO:root:18:21:47 - Deleted BLR.json
INFO:root:18:21:48 - Uploaded BEL.json
INFO:root:18:21:48 - Deleted BEL.json
INFO:root:18:21:48 - Uploaded BLZ.json
INFO:root:18:21:48 - Deleted BLZ.json
INFO:root:18:21:49 - Uploaded BEN.json
INFO:root:18:21:49 - Deleted BEN.json
INFO:root:18:21:50 - Uploaded BMU.json
INFO:root:18:21:50 - Deleted BMU.json
INFO:root:18:21:51 - Uploaded BTN.json
INFO:root:18:21:51 - Deleted BTN.json
INFO:root:18:21:52 - Uploaded BOL.json
INFO:root:18:21:52 - Deleted BOL.json
INFO:root:18:21:52 - Uploaded BES.json
INFO:root:18:21:52 - Deleted BES.json
INFO:root:18:21:53 - Uploaded BIH.json
INFO:root:18:21:53 - Deleted BIH.json
INFO:root:18:21:54 - Uploaded BWA.json
INFO:root:18:21:54 - Deleted BWA.json
INFO:root:18:21:55 - Uploaded BRA.json
INFO:root:18:21:55 - Deleted BRA.json
INFO:root:18:21:55 - Uploaded VGB.json
INFO:root:18:21:55 - Deleted VGB.json
INFO:root:18:21:56 - Uploaded BRN.json
INFO:root:18:21:56 - Deleted BRN.json
INFO:root:18:21:57 - Uploaded BGR.json
INFO:root:18:21:57 - Deleted BGR.json
INFO:root:18:21:58 - Uploaded BFA.json
INFO:root:18:21:58 - Deleted BFA.json
INFO:root:18:21:59 - Uploaded BDI.json
INFO:root:18:21:59 - Deleted BDI.json
INFO:root:18:21:59 - Uploaded KHM.json
INFO:root:18:21:59 - Deleted KHM.json
INFO:root:18:22:00 - Uploaded CMR.json
INFO:root:18:22:00 - Deleted CMR.json
INFO:root:18:22:01 - Uploaded CAN.json
INFO:root:18:22:01 - Deleted CAN.json
INFO:root:18:22:02 - Uploaded CPV.json
INFO:root:18:22:02 - Deleted CPV.json
INFO:root:18:22:03 - Uploaded CYM.json
INFO:root:18:22:03 - Deleted CYM.json
INFO:root:18:22:03 - Uploaded CAF.json
INFO:root:18:22:03 - Deleted CAF.json
INFO:root:18:22:04 - Uploaded TCD.json
INFO:root:18:22:04 - Deleted TCD.json
INFO:root:18:22:05 - Uploaded CHL.json
INFO:root:18:22:05 - Deleted CHL.json
INFO:root:18:22:06 - Uploaded CHN.json
INFO:root:18:22:06 - Deleted CHN.json
INFO:root:18:22:07 - Uploaded COL.json
INFO:root:18:22:07 - Deleted COL.json
INFO:root:18:22:07 - Uploaded COM.json
INFO:root:18:22:07 - Deleted COM.json
INFO:root:18:22:08 - Uploaded COG.json
INFO:root:18:22:08 - Deleted COG.json
INFO:root:18:22:09 - Uploaded COK.json
INFO:root:18:22:09 - Deleted COK.json
INFO:root:18:22:10 - Uploaded CRI.json
INFO:root:18:22:10 - Deleted CRI.json
INFO:root:18:22:10 - Uploaded CIV.json
INFO:root:18:22:10 - Deleted CIV.json
INFO:root:18:22:11 - Uploaded HRV.json
INFO:root:18:22:11 - Deleted HRV.json
INFO:root:18:22:12 - Uploaded CUB.json
INFO:root:18:22:12 - Deleted CUB.json
INFO:root:18:22:13 - Uploaded CUW.json
INFO:root:18:22:13 - Deleted CUW.json
INFO:root:18:22:13 - Uploaded CYP.json
INFO:root:18:22:13 - Deleted CYP.json
INFO:root:18:22:14 - Uploaded CZE.json
INFO:root:18:22:14 - Deleted CZE.json
INFO:root:18:22:15 - Uploaded COD.json
INFO:root:18:22:15 - Deleted COD.json
INFO:root:18:22:16 - Uploaded DNK.json
INFO:root:18:22:16 - Deleted DNK.json
INFO:root:18:22:16 - Uploaded DJI.json
INFO:root:18:22:16 - Deleted DJI.json
INFO:root:18:22:17 - Uploaded DMA.json
INFO:root:18:22:17 - Deleted DMA.json
INFO:root:18:22:18 - Uploaded DOM.json
INFO:root:18:22:18 - Deleted DOM.json
INFO:root:18:22:19 - Uploaded ECU.json
INFO:root:18:22:19 - Deleted ECU.json
INFO:root:18:22:20 - Uploaded EGY.json
INFO:root:18:22:20 - Deleted EGY.json
INFO:root:18:22:20 - Uploaded SLV.json
INFO:root:18:22:20 - Deleted SLV.json
INFO:root:18:22:21 - Uploaded GNQ.json
INFO:root:18:22:21 - Deleted GNQ.json
INFO:root:18:22:22 - Uploaded ERI.json
INFO:root:18:22:22 - Deleted ERI.json
INFO:root:18:22:23 - Uploaded EST.json
INFO:root:18:22:23 - Deleted EST.json
INFO:root:18:22:23 - Uploaded SWZ.json
INFO:root:18:22:23 - Deleted SWZ.json
INFO:root:18:22:24 - Uploaded ETH.json
INFO:root:18:22:24 - Deleted ETH.json
INFO:root:18:22:25 - Uploaded FRO.json
INFO:root:18:22:25 - Deleted FRO.json
INFO:root:18:22:26 - Uploaded FLK.json
INFO:root:18:22:26 - Deleted FLK.json
INFO:root:18:22:26 - Uploaded FJI.json
INFO:root:18:22:26 - Deleted FJI.json
INFO:root:18:22:27 - Uploaded FIN.json
INFO:root:18:22:27 - Deleted FIN.json
INFO:root:18:22:28 - Uploaded FRA.json
INFO:root:18:22:28 - Deleted FRA.json
INFO:root:18:22:29 - Uploaded PYF.json
INFO:root:18:22:29 - Deleted PYF.json
INFO:root:18:22:30 - Uploaded GAB.json
INFO:root:18:22:30 - Deleted GAB.json
INFO:root:18:22:30 - Uploaded GMB.json
INFO:root:18:22:30 - Deleted GMB.json
INFO:root:18:22:31 - Uploaded GEO.json
INFO:root:18:22:31 - Deleted GEO.json
INFO:root:18:22:32 - Uploaded DEU.json
INFO:root:18:22:32 - Deleted DEU.json
INFO:root:18:22:33 - Uploaded GHA.json
INFO:root:18:22:33 - Deleted GHA.json
INFO:root:18:22:33 - Uploaded GIB.json
INFO:root:18:22:33 - Deleted GIB.json
INFO:root:18:22:34 - Uploaded GRC.json
INFO:root:18:22:34 - Deleted GRC.json
INFO:root:18:22:35 - Uploaded GRL.json
INFO:root:18:22:35 - Deleted GRL.json
INFO:root:18:22:36 - Uploaded GRD.json
INFO:root:18:22:36 - Deleted GRD.json
INFO:root:18:22:36 - Uploaded GUM.json
INFO:root:18:22:36 - Deleted GUM.json
INFO:root:18:22:37 - Uploaded GTM.json
INFO:root:18:22:37 - Deleted GTM.json
INFO:root:18:22:38 - Uploaded GGY.json
INFO:root:18:22:38 - Deleted GGY.json
INFO:root:18:22:39 - Uploaded GIN.json
INFO:root:18:22:39 - Deleted GIN.json
INFO:root:18:22:39 - Uploaded GNB.json
INFO:root:18:22:39 - Deleted GNB.json
INFO:root:18:22:40 - Uploaded GUY.json
INFO:root:18:22:40 - Deleted GUY.json
INFO:root:18:22:41 - Uploaded HTI.json
INFO:root:18:22:41 - Deleted HTI.json
INFO:root:18:22:42 - Uploaded HND.json
INFO:root:18:22:42 - Deleted HND.json
INFO:root:18:22:43 - Uploaded HKG.json
INFO:root:18:22:43 - Deleted HKG.json
INFO:root:18:22:43 - Uploaded HUN.json
INFO:root:18:22:43 - Deleted HUN.json
INFO:root:18:22:44 - Uploaded ISL.json
INFO:root:18:22:44 - Deleted ISL.json
INFO:root:18:22:45 - Uploaded IND.json
INFO:root:18:22:45 - Deleted IND.json
INFO:root:18:22:46 - Uploaded IDN.json
INFO:root:18:22:46 - Deleted IDN.json
INFO:root:18:22:47 - Uploaded IRN.json
INFO:root:18:22:47 - Deleted IRN.json
INFO:root:18:22:47 - Uploaded IRQ.json
INFO:root:18:22:47 - Deleted IRQ.json
INFO:root:18:22:48 - Uploaded IRL.json
INFO:root:18:22:48 - Deleted IRL.json
INFO:root:18:22:49 - Uploaded IMN.json
INFO:root:18:22:49 - Deleted IMN.json
INFO:root:18:22:50 - Uploaded ISR.json
INFO:root:18:22:50 - Deleted ISR.json
INFO:root:18:22:51 - Uploaded ITA.json
INFO:root:18:22:51 - Deleted ITA.json
INFO:root:18:22:51 - Uploaded JAM.json
INFO:root:18:22:51 - Deleted JAM.json
INFO:root:18:22:52 - Uploaded JPN.json
INFO:root:18:22:52 - Deleted JPN.json
INFO:root:18:22:53 - Uploaded JEY.json
INFO:root:18:22:53 - Deleted JEY.json
INFO:root:18:22:54 - Uploaded JOR.json
INFO:root:18:22:54 - Deleted JOR.json
INFO:root:18:22:54 - Uploaded KAZ.json
INFO:root:18:22:54 - Deleted KAZ.json
INFO:root:18:22:55 - Uploaded KEN.json
INFO:root:18:22:55 - Deleted KEN.json
INFO:root:18:22:56 - Uploaded KIR.json
INFO:root:18:22:56 - Deleted KIR.json
INFO:root:18:22:57 - Uploaded KWT.json
INFO:root:18:22:57 - Deleted KWT.json
INFO:root:18:22:57 - Uploaded KGZ.json
INFO:root:18:22:57 - Deleted KGZ.json
INFO:root:18:22:58 - Uploaded LAO.json
INFO:root:18:22:58 - Deleted LAO.json
INFO:root:18:22:59 - Uploaded LVA.json
INFO:root:18:22:59 - Deleted LVA.json
INFO:root:18:23:00 - Uploaded LBN.json
INFO:root:18:23:00 - Deleted LBN.json
INFO:root:18:23:01 - Uploaded LSO.json
INFO:root:18:23:01 - Deleted LSO.json
INFO:root:18:23:01 - Uploaded LBR.json
INFO:root:18:23:01 - Deleted LBR.json
INFO:root:18:23:02 - Uploaded LBY.json
INFO:root:18:23:02 - Deleted LBY.json
INFO:root:18:23:03 - Uploaded LIE.json
INFO:root:18:23:03 - Deleted LIE.json
INFO:root:18:23:04 - Uploaded LTU.json
INFO:root:18:23:04 - Deleted LTU.json
INFO:root:18:23:05 - Uploaded LUX.json
INFO:root:18:23:05 - Deleted LUX.json
INFO:root:18:23:05 - Uploaded MAC.json
INFO:root:18:23:05 - Deleted MAC.json
INFO:root:18:23:06 - Uploaded MDG.json
INFO:root:18:23:06 - Deleted MDG.json
INFO:root:18:23:07 - Uploaded MWI.json
INFO:root:18:23:07 - Deleted MWI.json
INFO:root:18:23:08 - Uploaded MYS.json
INFO:root:18:23:08 - Deleted MYS.json
INFO:root:18:23:08 - Uploaded MDV.json
INFO:root:18:23:08 - Deleted MDV.json
INFO:root:18:23:09 - Uploaded MLI.json
INFO:root:18:23:09 - Deleted MLI.json
INFO:root:18:23:10 - Uploaded MLT.json
INFO:root:18:23:10 - Deleted MLT.json
INFO:root:18:23:11 - Uploaded MHL.json
INFO:root:18:23:11 - Deleted MHL.json
INFO:root:18:23:12 - Uploaded MRT.json
INFO:root:18:23:12 - Deleted MRT.json
INFO:root:18:23:12 - Uploaded MUS.json
INFO:root:18:23:12 - Deleted MUS.json
INFO:root:18:23:13 - Uploaded MEX.json
INFO:root:18:23:13 - Deleted MEX.json
INFO:root:18:23:14 - Uploaded FSM.json
INFO:root:18:23:14 - Deleted FSM.json
INFO:root:18:23:15 - Uploaded MDA.json
INFO:root:18:23:15 - Deleted MDA.json
INFO:root:18:23:16 - Uploaded MCO.json
INFO:root:18:23:16 - Deleted MCO.json
INFO:root:18:23:16 - Uploaded MNG.json
INFO:root:18:23:16 - Deleted MNG.json
INFO:root:18:23:17 - Uploaded MNE.json
INFO:root:18:23:17 - Deleted MNE.json
INFO:root:18:23:18 - Uploaded MSR.json
INFO:root:18:23:18 - Deleted MSR.json
INFO:root:18:23:19 - Uploaded MAR.json
INFO:root:18:23:19 - Deleted MAR.json
INFO:root:18:23:19 - Uploaded MOZ.json
INFO:root:18:23:19 - Deleted MOZ.json
INFO:root:18:23:20 - Uploaded MMR.json
INFO:root:18:23:20 - Deleted MMR.json
INFO:root:18:23:21 - Uploaded NAM.json
INFO:root:18:23:21 - Deleted NAM.json
INFO:root:18:23:22 - Uploaded NRU.json
INFO:root:18:23:22 - Deleted NRU.json
INFO:root:18:23:23 - Uploaded NPL.json
INFO:root:18:23:23 - Deleted NPL.json
INFO:root:18:23:23 - Uploaded NLD.json
INFO:root:18:23:23 - Deleted NLD.json
INFO:root:18:23:24 - Uploaded NCL.json
INFO:root:18:23:24 - Deleted NCL.json
INFO:root:18:23:25 - Uploaded NZL.json
INFO:root:18:23:25 - Deleted NZL.json
INFO:root:18:23:26 - Uploaded NIC.json
INFO:root:18:23:26 - Deleted NIC.json
INFO:root:18:23:26 - Uploaded NER.json
INFO:root:18:23:26 - Deleted NER.json
INFO:root:18:23:27 - Uploaded NGA.json
INFO:root:18:23:27 - Deleted NGA.json
INFO:root:18:23:28 - Uploaded NIU.json
INFO:root:18:23:28 - Deleted NIU.json
INFO:root:18:23:29 - Uploaded PRK.json
INFO:root:18:23:29 - Deleted PRK.json
INFO:root:18:23:29 - Uploaded MKD.json
INFO:root:18:23:29 - Deleted MKD.json
INFO:root:18:23:30 - Uploaded MNP.json
INFO:root:18:23:30 - Deleted MNP.json
INFO:root:18:23:31 - Uploaded NOR.json
INFO:root:18:23:31 - Deleted NOR.json
INFO:root:18:23:32 - Uploaded OMN.json
INFO:root:18:23:32 - Deleted OMN.json
INFO:root:18:23:32 - Uploaded PAK.json
INFO:root:18:23:32 - Deleted PAK.json
INFO:root:18:23:34 - Uploaded PLW.json
INFO:root:18:23:34 - Deleted PLW.json
INFO:root:18:23:35 - Uploaded PSE.json
INFO:root:18:23:35 - Deleted PSE.json
INFO:root:18:23:35 - Uploaded PAN.json
INFO:root:18:23:35 - Deleted PAN.json
INFO:root:18:23:36 - Uploaded PNG.json
INFO:root:18:23:36 - Deleted PNG.json
INFO:root:18:23:37 - Uploaded PRY.json
INFO:root:18:23:37 - Deleted PRY.json
INFO:root:18:23:38 - Uploaded PER.json
INFO:root:18:23:38 - Deleted PER.json
INFO:root:18:23:38 - Uploaded PHL.json
INFO:root:18:23:38 - Deleted PHL.json
INFO:root:18:23:39 - Uploaded PCN.json
INFO:root:18:23:39 - Deleted PCN.json
INFO:root:18:23:40 - Uploaded POL.json
INFO:root:18:23:40 - Deleted POL.json
INFO:root:18:23:40 - Uploaded PRT.json
INFO:root:18:23:40 - Deleted PRT.json
INFO:root:18:23:41 - Uploaded PRI.json
INFO:root:18:23:41 - Deleted PRI.json
INFO:root:18:23:42 - Uploaded QAT.json
INFO:root:18:23:42 - Deleted QAT.json
INFO:root:18:23:43 - Uploaded ROU.json
INFO:root:18:23:43 - Deleted ROU.json
INFO:root:18:23:44 - Uploaded RUS.json
INFO:root:18:23:44 - Deleted RUS.json
INFO:root:18:23:44 - Uploaded RWA.json
INFO:root:18:23:44 - Deleted RWA.json
INFO:root:18:23:45 - Uploaded SHN.json
INFO:root:18:23:45 - Deleted SHN.json
INFO:root:18:23:46 - Uploaded KNA.json
INFO:root:18:23:46 - Deleted KNA.json
INFO:root:18:23:47 - Uploaded LCA.json
INFO:root:18:23:47 - Deleted LCA.json
INFO:root:18:23:47 - Uploaded SPM.json
INFO:root:18:23:47 - Deleted SPM.json
INFO:root:18:23:48 - Uploaded VCT.json
INFO:root:18:23:48 - Deleted VCT.json
INFO:root:18:23:49 - Uploaded WSM.json
INFO:root:18:23:49 - Deleted WSM.json
INFO:root:18:23:50 - Uploaded SMR.json
INFO:root:18:23:50 - Deleted SMR.json
INFO:root:18:23:50 - Uploaded STP.json
INFO:root:18:23:50 - Deleted STP.json
INFO:root:18:23:51 - Uploaded SAU.json
INFO:root:18:23:51 - Deleted SAU.json
INFO:root:18:23:52 - Uploaded SEN.json
INFO:root:18:23:52 - Deleted SEN.json
INFO:root:18:23:53 - Uploaded SRB.json
INFO:root:18:23:53 - Deleted SRB.json
INFO:root:18:23:53 - Uploaded SYC.json
INFO:root:18:23:53 - Deleted SYC.json
INFO:root:18:23:54 - Uploaded SLE.json
INFO:root:18:23:54 - Deleted SLE.json
INFO:root:18:23:55 - Uploaded SGP.json
INFO:root:18:23:55 - Deleted SGP.json
INFO:root:18:23:56 - Uploaded SXM.json
INFO:root:18:23:56 - Deleted SXM.json
INFO:root:18:23:56 - Uploaded SVK.json
INFO:root:18:23:56 - Deleted SVK.json
INFO:root:18:23:57 - Uploaded SVN.json
INFO:root:18:23:57 - Deleted SVN.json
INFO:root:18:23:58 - Uploaded SLB.json
INFO:root:18:23:58 - Deleted SLB.json
INFO:root:18:23:59 - Uploaded SOM.json
INFO:root:18:23:59 - Deleted SOM.json
INFO:root:18:23:59 - Uploaded ZAF.json
INFO:root:18:23:59 - Deleted ZAF.json
INFO:root:18:24:00 - Uploaded KOR.json
INFO:root:18:24:00 - Deleted KOR.json
INFO:root:18:24:01 - Uploaded SSD.json
INFO:root:18:24:01 - Deleted SSD.json
INFO:root:18:24:02 - Uploaded ESP.json
INFO:root:18:24:02 - Deleted ESP.json
INFO:root:18:24:02 - Uploaded LKA.json
INFO:root:18:24:02 - Deleted LKA.json
INFO:root:18:24:03 - Uploaded SDN.json
INFO:root:18:24:03 - Deleted SDN.json
INFO:root:18:24:04 - Uploaded SUR.json
INFO:root:18:24:04 - Deleted SUR.json
INFO:root:18:24:05 - Uploaded SWE.json
INFO:root:18:24:05 - Deleted SWE.json
INFO:root:18:24:05 - Uploaded CHE.json
INFO:root:18:24:05 - Deleted CHE.json
INFO:root:18:24:06 - Uploaded SYR.json
INFO:root:18:24:06 - Deleted SYR.json
INFO:root:18:24:07 - Uploaded TWN.json
INFO:root:18:24:07 - Deleted TWN.json
INFO:root:18:24:08 - Uploaded TJK.json
INFO:root:18:24:08 - Deleted TJK.json
INFO:root:18:24:08 - Uploaded TZA.json
INFO:root:18:24:08 - Deleted TZA.json
INFO:root:18:24:09 - Uploaded THA.json
INFO:root:18:24:09 - Deleted THA.json
INFO:root:18:24:10 - Uploaded TLS.json
INFO:root:18:24:10 - Deleted TLS.json
INFO:root:18:24:11 - Uploaded TGO.json
INFO:root:18:24:11 - Deleted TGO.json
INFO:root:18:24:11 - Uploaded TKL.json
INFO:root:18:24:11 - Deleted TKL.json
INFO:root:18:24:12 - Uploaded TON.json
INFO:root:18:24:12 - Deleted TON.json
INFO:root:18:24:13 - Uploaded TTO.json
INFO:root:18:24:13 - Deleted TTO.json
INFO:root:18:24:14 - Uploaded TUN.json
INFO:root:18:24:14 - Deleted TUN.json
INFO:root:18:24:14 - Uploaded TUR.json
INFO:root:18:24:14 - Deleted TUR.json
INFO:root:18:24:15 - Uploaded TKM.json
INFO:root:18:24:15 - Deleted TKM.json
INFO:root:18:24:16 - Uploaded TCA.json
INFO:root:18:24:16 - Deleted TCA.json
INFO:root:18:24:16 - Uploaded TUV.json
INFO:root:18:24:16 - Deleted TUV.json
INFO:root:18:24:17 - Uploaded UGA.json
INFO:root:18:24:17 - Deleted UGA.json
INFO:root:18:24:18 - Uploaded UKR.json
INFO:root:18:24:18 - Deleted UKR.json
INFO:root:18:24:19 - Uploaded ARE.json
INFO:root:18:24:19 - Deleted ARE.json
INFO:root:18:24:20 - Uploaded GBR.json
INFO:root:18:24:20 - Deleted GBR.json
INFO:root:18:24:21 - Uploaded USA.json
INFO:root:18:24:21 - Deleted USA.json
INFO:root:18:24:21 - Uploaded VIR.json
INFO:root:18:24:21 - Deleted VIR.json
INFO:root:18:24:22 - Uploaded URY.json
INFO:root:18:24:22 - Deleted URY.json
INFO:root:18:24:23 - Uploaded UZB.json
INFO:root:18:24:23 - Deleted UZB.json
INFO:root:18:24:24 - Uploaded VUT.json
INFO:root:18:24:24 - Deleted VUT.json
INFO:root:18:24:24 - Uploaded VAT.json
INFO:root:18:24:24 - Deleted VAT.json
INFO:root:18:24:25 - Uploaded VEN.json
INFO:root:18:24:25 - Deleted VEN.json
INFO:root:18:24:26 - Uploaded VNM.json
INFO:root:18:24:26 - Deleted VNM.json
INFO:root:18:24:26 - Uploaded WLF.json
INFO:root:18:24:26 - Deleted WLF.json
INFO:root:18:24:27 - Uploaded ESH.json
INFO:root:18:24:27 - Deleted ESH.json
INFO:root:18:24:28 - Uploaded WRL.json
INFO:root:18:24:28 - Deleted WRL.json
INFO:root:18:24:28 - Uploaded YEM.json
INFO:root:18:24:28 - Deleted YEM.json
INFO:root:18:24:29 - Uploaded ZMB.json
INFO:root:18:24:29 - Deleted ZMB.json
INFO:root:18:24:30 - Uploaded ZWE.json
INFO:root:18:24:30 - Deleted ZWE.json
INFO:root:18:24:30 - Uploaded data to S3 bucket
INFO:root:15:55:47 - Starting program
INFO:root:15:56:00 - Starting program
INFO:root:16:00:22 - Starting program
INFO:root:Uploading countries to S3 bucket
INFO:root:16:01:39 - Starting program
INFO:root:Uploading countries to S3 bucket
INFO:root:16:01:53 - Program finished
